2023-05-25 09:14:19.859 [WARN] [HikariPool-76 housekeeper] [804] HikariPool-76 - Thread starvation or clock leap detected (housekeeper delta=1d7h8m135ms335µs800ns).
2023-05-25 09:16:30.257 [WARN] [HikariPool-76 housekeeper] [804] HikariPool-76 - Thread starvation or clock leap detected (housekeeper delta=1m46s870ms994µs400ns).
2023-05-25 09:18:50.106 [INFO] [File Watcher] [211] Restarting due to 1 class path change (0 additions, 0 deletions, 1 modification)
2023-05-25 09:18:50.118 [INFO] [Thread-294] [173] Stopping service [Tomcat]
2023-05-25 09:18:50.118 [INFO] [Thread-294] [173] Destroying Spring FrameworkServlet 'dispatcherServlet'
2023-05-25 09:18:50.124 [INFO] [Thread-294] [650] Closing JPA EntityManagerFactory for persistence unit 'default'
2023-05-25 09:18:50.125 [INFO] [Thread-294] [350] HikariPool-76 - Shutdown initiated...
2023-05-25 09:18:50.128 [INFO] [Thread-294] [352] HikariPool-76 - Shutdown completed.
2023-05-25 09:18:50.295 [INFO] [restartedMain] [51] Starting ExtractpApplication using Java 17.0.7 with PID 16692 (C:\Users\Tibame_T14\Desktop\project\extractp\target\classes started by Tibame_T14 in C:\Users\Tibame_T14\Desktop\project\extractp)
2023-05-25 09:18:50.295 [DEBUG] [restartedMain] [52] Running with Spring Boot v3.1.0, Spring v6.0.9
2023-05-25 09:18:50.295 [INFO] [restartedMain] [633] No active profile set, falling back to 1 default profile: "default"
2023-05-25 09:18:50.513 [INFO] [restartedMain] [138] Bootstrapping Spring Data JPA repositories in DEFAULT mode.
2023-05-25 09:18:50.522 [INFO] [restartedMain] [208] Finished Spring Data repository scanning in 8 ms. Found 1 JPA repository interfaces.
2023-05-25 09:18:50.613 [INFO] [restartedMain] [108] Tomcat initialized with port(s): 8080 (http)
2023-05-25 09:18:50.614 [INFO] [restartedMain] [173] Starting service [Tomcat]
2023-05-25 09:18:50.614 [INFO] [restartedMain] [173] Starting Servlet engine: [Apache Tomcat/10.1.8]
2023-05-25 09:18:50.630 [INFO] [restartedMain] [173] Initializing Spring embedded WebApplicationContext
2023-05-25 09:18:50.631 [INFO] [restartedMain] [291] Root WebApplicationContext: initialization completed in 333 ms
2023-05-25 09:18:50.656 [INFO] [restartedMain] [110] HikariPool-77 - Starting...
2023-05-25 09:18:50.665 [INFO] [restartedMain] [565] HikariPool-77 - Added connection com.mysql.cj.jdbc.ConnectionImpl@3146b4de
2023-05-25 09:18:50.665 [INFO] [restartedMain] [123] HikariPool-77 - Start completed.
2023-05-25 09:18:50.667 [INFO] [restartedMain] [31] HHH000204: Processing PersistenceUnitInfo [name: default]
2023-05-25 09:18:50.677 [INFO] [restartedMain] [53] HHH000021: Bytecode provider name : bytebuddy
2023-05-25 09:18:50.678 [INFO] [restartedMain] [87] No LoadTimeWeaver setup: ignoring JPA class transformer
2023-05-25 09:18:50.680 [INFO] [restartedMain] [93] HHH035001: Using dialect: org.hibernate.dialect.MySQLDialect, version: 8.0.32
2023-05-25 09:18:50.685 [INFO] [restartedMain] [53] HHH000021: Bytecode provider name : bytebuddy
2023-05-25 09:18:50.700 [INFO] [restartedMain] [51] HHH000490: Using JtaPlatform implementation: [org.hibernate.engine.transaction.jta.platform.internal.NoJtaPlatform]
2023-05-25 09:18:50.700 [INFO] [restartedMain] [437] Initialized JPA EntityManagerFactory for persistence unit 'default'
2023-05-25 09:18:50.722 [WARN] [restartedMain] [231] spring.jpa.open-in-view is enabled by default. Therefore, database queries may be performed during view rendering. Explicitly configure spring.jpa.open-in-view to disable this warning
2023-05-25 09:18:50.769 [WARN] [restartedMain] [87] 

Using generated security password: 800c6bde-4b4d-48d0-a560-a6ec23da0a7e

This generated password is for development use only. Your security configuration must be updated before running your application in production.

2023-05-25 09:18:50.777 [INFO] [restartedMain] [54] Will secure any request with [org.springframework.security.web.session.DisableEncodeUrlFilter@639d125f, org.springframework.security.web.context.request.async.WebAsyncManagerIntegrationFilter@369dee3, org.springframework.security.web.context.SecurityContextHolderFilter@5fce9e59, org.springframework.security.web.header.HeaderWriterFilter@3c97f938, org.springframework.security.web.csrf.CsrfFilter@342426de, org.springframework.security.web.authentication.logout.LogoutFilter@6ba7b6cf, org.springframework.security.web.savedrequest.RequestCacheAwareFilter@4ac941a8, org.springframework.security.web.servletapi.SecurityContextHolderAwareRequestFilter@4329637f, org.springframework.security.web.authentication.AnonymousAuthenticationFilter@730ae32a, org.springframework.security.web.access.ExceptionTranslationFilter@74ffb2dc]
2023-05-25 09:18:50.924 [INFO] [restartedMain] [59] LiveReload server is running on port 35729
2023-05-25 09:18:50.930 [INFO] [restartedMain] [220] Tomcat started on port(s): 8080 (http) with context path ''
2023-05-25 09:18:50.933 [INFO] [restartedMain] [57] Started ExtractpApplication in 0.661 seconds (process running for 117684.432)
2023-05-25 09:18:50.934 [INFO] [restartedMain] [63] Condition evaluation unchanged
